<?xml version="1.0" encoding="UTF-8"?>
<!-- Generated by org.testng.reporters.JUnitReportReporter -->
<testsuite skipped="0" hostname="ARASKAR-LAP" name="com.qa.tests.ContactPageTest" tests="3" failures="0" timestamp="23 Oct 2020 04:51:34 GMT" time="74.985" errors="0">
  <testcase name="validateCreationOfNewContact" time="26.874" classname="com.qa.tests.ContactPageTest"/>
  <testcase name="validateCreationOfNewContact" time="23.987" classname="com.qa.tests.ContactPageTest"/>
  <testcase name="validateCreationOfNewContact" time="24.124" classname="com.qa.tests.ContactPageTest"/>
</testsuite> <!-- com.qa.tests.ContactPageTest -->
