<?xml version="1.0" encoding="UTF-8"?>
<!-- Generated by org.testng.reporters.JUnitReportReporter -->
<testsuite skipped="0" hostname="LAPTOP-2IFEJBVE" name="com.qa.tests.DevopsTest" tests="2" failures="0" timestamp="17 May 2021 08:24:41 GMT" time="3.012" errors="0">
  <testcase name="test1" time="3.010" classname="com.qa.tests.DevopsTest"/>
  <testcase name="test2" time="0.002" classname="com.qa.tests.DevopsTest"/>
</testsuite> <!-- com.qa.tests.DevopsTest -->
