<?xml version="1.0" encoding="UTF-8"?>
<!-- Generated by org.testng.reporters.JUnitReportReporter -->
<testsuite skipped="0" hostname="ARASKAR-LAP" name="com.qa.tests.HomePageTest" tests="2" failures="0" timestamp="21 Oct 2020 14:18:18 GMT" time="33.339" errors="0">
  <testcase name="validateHomePageMenuItems" time="17.095" classname="com.qa.tests.HomePageTest"/>
  <testcase name="validateLoggedInUserName" time="16.244" classname="com.qa.tests.HomePageTest"/>
</testsuite> <!-- com.qa.tests.HomePageTest -->
